Process
=======
compile

Command Line
============
F:\command\java\graalvm-jdk-17.0.11\bin\native-image.cmd "-Djdk.internal.lambda.eagerlyInitialize=false" --no-server -H:+SharedLibrary -H:+AddAllCharsets -H:+ReportExceptionStackTraces -H:-DeadlockWatchdogExitOnTimeout "-H:DeadlockWatchdogInterval=0" -H:+RemoveSaturatedTypeFlows -H:+ExitAfterRelocatableImageWrite "--features=org.graalvm.home.HomeFinderFeature" "-H:TempDirectory=F:\projects\application projects\inventory_management_system\target\gluonfx\x86_64-windows\gvm\tmp" "-H:EnableURLProtocols=http,https" "-H:ReflectionConfigurationFiles=F:\projects\application projects\inventory_management_system\target\gluonfx\x86_64-windows\gvm\reflectionconfig-x86_64-windows.json" "-H:JNIConfigurationFiles=F:\projects\application projects\inventory_management_system\target\gluonfx\x86_64-windows\gvm\jniconfig-x86_64-windows.json" "-H:ResourceConfigurationFiles=F:\projects\application projects\inventory_management_system\target\gluonfx\x86_64-windows\gvm\resourceconfig-x86_64-windows.json" "-H:IncludeResourceBundles=com/sun/javafx/scene/control/skin/resources/controls,com/sun/javafx/scene/control/skin/resources/controls-nt,com.sun.javafx.tk.quantum.QuantumMessagesBundle,com/sun/glass/ui/win/themes" "-Dsvm.platform=org.graalvm.nativeimage.Platform$WINDOWS_AMD64" -cp "C:\Users\kiwog\.m2\repository\com\gluonhq\substrate\0.0.61\substrate-0.0.61.jar;F:\projects\application projects\inventory_management_system\target\gluonfx\x86_64-windows\gvm\tmp\classpathJar.jar" com.lestarieragemilang.App

Output
======
Warning: Ignoring server-mode native-image argument --no-server.
========================================================================================================================
GraalVM Native Image: Generating 'com.lestarieragemilang.app' (shared library)...
========================================================================================================================
For detailed information and explanations on the build output, visit:
https://github.com/oracle/graal/blob/master/docs/reference-manual/native-image/BuildOutput.md
------------------------------------------------------------------------------------------------------------------------

[1/8] Initializing...                                                                                    (0.0s @ 0.12GB)
Error: Unable to detect supported WINDOWS native software development toolchain.
Querying with command ''F:\command\msvc\VC\Tools\MSVC\14.39.33519\bin\HostX86\x86\cl.exe' /EP 'F:\projects\application projects\inventory_management_system\target\gluonfx\x86_64-windows\gvm\tmp\SVM-1715170443025\detect-cl-version-info.c'' prints:
  Microsoft (R) C/C++ Optimizing Compiler Version 19.39.33523 for x86
  Copyright (C) Microsoft Corporation.  All rights reserved.
  
  detect-cl-version-info.c
  
  M_X64=_M_X64
  M_ARM64EC=_M_ARM64EC
  MSC_FULL_VER=193933523
Error: To prevent native-toolchain checking provide command-line option -H:-CheckToolchain
com.oracle.svm.core.util.UserError$UserException: Unable to detect supported WINDOWS native software development toolchain.
Querying with command ''F:\command\msvc\VC\Tools\MSVC\14.39.33519\bin\HostX86\x86\cl.exe' /EP 'F:\projects\application projects\inventory_management_system\target\gluonfx\x86_64-windows\gvm\tmp\SVM-1715170443025\detect-cl-version-info.c'' prints:
  Microsoft (R) C/C++ Optimizing Compiler Version 19.39.33523 for x86
  Copyright (C) Microsoft Corporation.  All rights reserved.
  
  detect-cl-version-info.c
  
  M_X64=_M_X64
  M_ARM64EC=_M_ARM64EC
  MSC_FULL_VER=193933523
To prevent native-toolchain checking provide command-line option -H:-CheckToolchain
	at org.graalvm.nativeimage.builder/com.oracle.svm.core.util.UserError.abort(UserError.java:126)
	at org.graalvm.nativeimage.builder/com.oracle.svm.hosted.c.codegen.CCompilerInvoker.addSkipCheckingInfo(CCompilerInvoker.java:106)
	at org.graalvm.nativeimage.builder/com.oracle.svm.hosted.c.codegen.CCompilerInvoker.<init>(CCompilerInvoker.java:74)
	at org.graalvm.nativeimage.builder/com.oracle.svm.hosted.c.codegen.CCompilerInvoker$WindowsCCompilerInvoker.<init>(CCompilerInvoker.java:112)
	at org.graalvm.nativeimage.builder/com.oracle.svm.hosted.c.codegen.CCompilerInvoker.create(CCompilerInvoker.java:86)
	at org.graalvm.nativeimage.builder/com.oracle.svm.hosted.NativeImageGenerator.setupNativeImage(NativeImageGenerator.java:929)
	at org.graalvm.nativeimage.builder/com.oracle.svm.hosted.NativeImageGenerator.doRun(NativeImageGenerator.java:579)
	at org.graalvm.nativeimage.builder/com.oracle.svm.hosted.NativeImageGenerator.run(NativeImageGenerator.java:539)
	at org.graalvm.nativeimage.builder/com.oracle.svm.hosted.NativeImageGeneratorRunner.buildImage(NativeImageGeneratorRunner.java:408)
	at org.graalvm.nativeimage.builder/com.oracle.svm.hosted.NativeImageGeneratorRunner.build(NativeImageGeneratorRunner.java:612)
	at org.graalvm.nativeimage.builder/com.oracle.svm.hosted.NativeImageGeneratorRunner.start(NativeImageGeneratorRunner.java:134)
	at org.graalvm.nativeimage.builder/com.oracle.svm.hosted.NativeImageGeneratorRunner.main(NativeImageGeneratorRunner.java:94)
------------------------------------------------------------------------------------------------------------------------
                        1.8s (2.8% of total time) in 36 GCs | Peak RSS: 0.50GB | CPU load: 0.67
========================================================================================================================
Finished generating 'com.lestarieragemilang.app' in 50.2s.


Result
======
result: 1